Change Component Designator: Old Designator=C1-4 New Designator=C?
Change Component Designator: Old Designator=C2-4 New Designator=C?
Change Component Designator: Old Designator=C3-4 New Designator=C?
Change Component Designator: Old Designator=C4-4 New Designator=C?
Change Component Designator: Old Designator=C5-4 New Designator=C?
Change Component Designator: Old Designator=C6-4 New Designator=C?
Change Component Designator: Old Designator=C7-4 New Designator=C?
Change Component Designator: Old Designator=C8-4 New Designator=C?
Change Component Designator: Old Designator=C9-4 New Designator=C?
Change Component Designator: Old Designator=C10-4 New Designator=C?
Change Component Designator: Old Designator=C11-4 New Designator=C?
Change Component Designator: Old Designator=C12-4 New Designator=C?
Change Component Designator: Old Designator=L1-4 New Designator=L?
Change Component Designator: Old Designator=Q1-4 New Designator=Q?
Change Component Designator: Old Designator=Q2-4 New Designator=Q?
Change Component Designator: Old Designator=R1-4 New Designator=R?
Change Component Designator: Old Designator=R2-4 New Designator=R?
Change Component Designator: Old Designator=R3-4 New Designator=R?
Change Component Designator: Old Designator=R4-4 New Designator=R?
Change Component Designator: Old Designator=R5-4 New Designator=R?
Change Component Designator: Old Designator=R6-4 New Designator=R?
Change Component Designator: Old Designator=R7-4 New Designator=R?
Change Component Designator: Old Designator=R8-4 New Designator=R?
Change Component Designator: Old Designator=R9-4 New Designator=R?
Change Component Designator: Old Designator=R10-4 New Designator=R?
Change Component Designator: Old Designator=U1-4 New Designator=U?
