Removed Pin From Net: NetName=NetR1-5_1 Pin=U1-5-1
Removed Pin From Net: NetName=USB-VCC Pin=U1-5-2
Removed Pin From Net: NetName=+3V3 Pin=U1-5-3
Removed Pin From Net: NetName=GND Pin=U1-5-8
Removed Pin From Net: NetName=GND Pin=U1-6-41_10
Removed Pin From Net: NetName=GND Pin=U1-6-41_12
Removed Pin From Net: NetName=GND Pin=U1-6-41_13
Removed Pin From Net: NetName=GND Pin=U1-6-41_14
Removed Pin From Net: NetName=GND Pin=U1-6-41_15
Removed Pin From Net: NetName=GND Pin=U1-6-41_16
Removed Pin From Net: NetName=GND Pin=U1-6-41_17
Removed Pin From Net: NetName=GND Pin=U1-6-41_18
Removed Pin From Net: NetName=GND Pin=U1-6-41_19
Removed Pin From Net: NetName=GND Pin=U1-6-41_20
Removed Pin From Net: NetName=GND Pin=U1-6-41_21
Removed Member From Class: ClassName=U_BuckRegulator-3V Member=U1-5
Added Component: Designator=U?(VREG_TPSM84209RKHT)
Add component (AddParameter): Name = "Availability"; Value = "Unavailable"; VariantName = "[No Variations]"
Add component (AddParameter): Name = "MF"; Value = "{'manufacturer': u'Texas Instruments'}"; VariantName = "[No Variations]"
Add component (AddParameter): Name = "MP"; Value = "TPSM84209RKHT"; VariantName = "[No Variations]"
Add component (AddParameter): Name = "Package"; Value = "None"; VariantName = "[No Variations]"
Add component (AddParameter): Name = "Price"; Value = "None"; VariantName = "[No Variations]"
Add component (AddParameter): Name = "Value"; Value = ""; VariantName = "[No Variations]"
Added Pin To Net: NetName=GND Pin=J1-7-03
Added Pin To Net: NetName=NetR1-5_1 Pin=U?-1
Added Pin To Net: NetName=USB-VCC Pin=U?-2
Added Pin To Net: NetName=+3V3 Pin=U?-3
Added Pin To Net: NetName=GND Pin=U?-8
Added Member To Class: ClassName=U_BuckRegulator-3V Member=Component U? TPSM84209RKHT
