Added Pin To Net: NetName=SCL-ESP32 Pin=J2-6-03
Added Pin To Net: NetName=SDA-ESP32 Pin=J2-6-04
Added Pin To Net: NetName=5V_BUCK-switch Pin=Q1-4-4
Added Pin To Net: NetName=E28-Power Pin=Q1-7-1
Added Pin To Net: NetName=E28-Power Pin=R1-7-2
Added Pin To Net: NetName=SDA-ESP32 Pin=R2-6-1
Added Pin To Net: NetName=SCL-ESP32 Pin=R3-6-1
Added Pin To Net: NetName=5V_BUCK-switch Pin=R9-4-2
Added Pin To Net: NetName=ENABLE Pin=U1-4-2
Added Pin To Net: NetName=PGOOD Pin=U1-4-3
Added Pin To Net: NetName=SDA-ESP32 Pin=U1-6-6
Added Pin To Net: NetName=SCL-ESP32 Pin=U1-6-7
Added Pin To Net: NetName=current-0 Pin=U1-6-12
Added Pin To Net: NetName=current-1 Pin=U1-6-17
Added Pin To Net: NetName=current-2 Pin=U1-6-18
Added Pin To Net: NetName=PD-FAULT Pin=U1-6-23
Added Pin To Net: NetName=#current-fault Pin=U1-6-31
Added Pin To Net: NetName=MOSI-ESP32 Pin=U1-7-16
Added Pin To Net: NetName=MISO-ESP32 Pin=U1-7-17
Added Pin To Net: NetName=RX1-ESP32 Pin=U1-7-22
Added Pin To Net: NetName=SCK-ESP32 Pin=U1-7-46
Added Pin To Net: NetName=TX1-ESP32 Pin=U1-7-81
Added Pin To Net: NetName=SDA-ESP32 Pin=U2-6-1
Added Pin To Net: NetName=SCL-ESP32 Pin=U2-6-2
Added Pin To Net: NetName=PG-STM_VDD Pin=U2-8-5
Add Net: Net with name "5V_BUCK-switch" already exists
