Reading netlist file: "C:\Users\michal\Documents\ULP\impl\gwsynthesis\ULP.vg"
Parsing netlist file "C:\Users\michal\Documents\ULP\impl\gwsynthesis\ULP.vg" completed
Processing netlist completed
Reading constraint file: "C:\Users\michal\Documents\ULP\src\ULP.cst"
Physical Constraint parsed completed
Running placement......
[10%] Placement Phase 0 completed
[20%] Placement Phase 1 completed
[30%] Placement Phase 2 completed
[50%] Placement Phase 3 completed
Running routing......
[60%] Routing Phase 0 completed
[70%] Routing Phase 1 completed
[80%] Routing Phase 2 completed
WARN  (PR1014) : Generic routing resource will be used to clock signal 'reset_d' by the specified constraint. And then it may lead to the excessive delay or skew
WARN  (PR1014) : Generic routing resource will be used to clock signal 'clock_data_d' by the specified constraint. And then it may lead to the excessive delay or skew
[90%] Routing Phase 3 completed
Running timing analysis......
[95%] Timing analysis completed
Placement and routing completed
Bitstream generation in progress......
Bitstream generation completed
Running power analysis......
[100%] Power analysis completed
Generate file "C:\Users\michal\Documents\ULP\impl\pnr\ULP.power.html" completed
Generate file "C:\Users\michal\Documents\ULP\impl\pnr\ULP.pin.html" completed
Generate file "C:\Users\michal\Documents\ULP\impl\pnr\ULP.rpt.html" completed
Generate file "C:\Users\michal\Documents\ULP\impl\pnr\ULP.rpt.txt" completed
Generate file "C:\Users\michal\Documents\ULP\impl\pnr\ULP.tr.html" completed
Fri Jun 30 16:51:10 2023

